<?xml version="1.0" encoding="UTF-8"?>
<testng-results total="2" passed="2" failed="0" skipped="0">
  <reporter-output>
  </reporter-output>
  <suite started-at="2024-03-19T05:27:56Z" name="Suite" finished-at="2024-03-19T05:28:56Z" duration-ms="59613">
    <groups>
    </groups>
    <test started-at="2024-03-19T05:27:56Z" name="Test" finished-at="2024-03-19T05:28:56Z" duration-ms="59613">
      <class name="EmployeeMgmtSOAPAPI.EmployeeMgmtSoapApi">
        <test-method signature="soapApi()[pri:0, instance:EmployeeMgmtSOAPAPI.EmployeeMgmtSoapApi@48e1f6c7]" started-at="2024-03-18T22:28:55Z" name="soapApi" finished-at="2024-03-18T22:28:56Z" duration-ms="1049" status="PASS">
          <reporter-output>
          </reporter-output>
        </test-method> <!-- soapApi -->
      </class> <!-- EmployeeMgmtSOAPAPI.EmployeeMgmtSoapApi -->
      <class name="LibraryMgmtRestAPI.LibraryMgmtRestAPI">
        <test-method signature="RestApi()[pri:0, instance:LibraryMgmtRestAPI.LibraryMgmtRestAPI@2a8448fa]" started-at="2024-03-18T22:27:56Z" name="RestApi" finished-at="2024-03-18T22:28:55Z" duration-ms="58527" status="PASS">
          <reporter-output>
          </reporter-output>
        </test-method> <!-- RestApi -->
      </class> <!-- LibraryMgmtRestAPI.LibraryMgmtRestAPI -->
    </test> <!-- Test -->
  </suite> <!-- Suite -->
</testng-results>
